<?xml version="1.0" encoding="UTF-8"?>
<!-- Generated by org.testng.reporters.JUnitXMLReporter -->
<testsuite ignored="0" hostname="IPMDM20" failures="0" tests="6" name="Flow_Test" time="14.991" errors="0" timestamp="2025-02-28T18:23:07 IST">
  <testcase classname="com.midas.qa.testcases.ReqestCreationFlowTest" name="login" time="0.0">
    <skipped/>
  </testcase> <!-- login -->
  <testcase classname="com.midas.qa.testcases.ReqestCreationFlowTest" name="openChangeRequest" time="0.0">
    <skipped/>
  </testcase> <!-- openChangeRequest -->
  <testcase classname="com.midas.qa.testcases.ReqestCreationFlowTest" name="openNewRequest" time="0.0">
    <skipped/>
  </testcase> <!-- openNewRequest -->
  <testcase classname="com.midas.qa.testcases.HODHomeTest" name="login" time="0.0">
    <skipped/>
  </testcase> <!-- login -->
  <testcase classname="com.midas.qa.testcases.HODHomeTest" name="acceptChangeRequest" time="0.0">
    <skipped/>
  </testcase> <!-- acceptChangeRequest -->
  <testcase classname="com.midas.qa.testcases.HODHomeTest" name="acceptNewRequest" time="0.0">
    <skipped/>
  </testcase> <!-- acceptNewRequest -->
</testsuite> <!-- Flow_Test -->
