<?xml version="1.0" encoding="UTF-8"?>
<!-- Generated by org.testng.reporters.JUnitXMLReporter -->
<testsuite ignored="11" hostname="IPMDM20" failures="0" tests="2" name="Default test" time="70.746" errors="0" timestamp="2025-02-12T17:21:27 IST">
  <testcase classname="com.midas.qa.testcases.RequestPageTest" name="verifyTagNumber" time="4.841"/>
  <testcase classname="com.midas.qa.testcases.RequestPageTest" name="verifyTagNumber" time="4.961"/>
  <testcase classname="com.midas.qa.testcases.RequestPageTest" name="VerifyBUOM" time="0.0">
    <ignored/>
  </testcase> <!-- VerifyBUOM -->
  <testcase classname="com.midas.qa.testcases.RequestPageTest" name="VerifyOriginalDescription" time="0.0">
    <ignored/>
  </testcase> <!-- VerifyOriginalDescription -->
  <testcase classname="com.midas.qa.testcases.RequestPageTest" name="verifyABCIndicatorTxtBox" time="0.0">
    <ignored/>
  </testcase> <!-- verifyABCIndicatorTxtBox -->
  <testcase classname="com.midas.qa.testcases.RequestPageTest" name="VerifyNounAndModifierSelecting" time="0.0">
    <ignored/>
  </testcase> <!-- VerifyNounAndModifierSelecting -->
  <testcase classname="com.midas.qa.testcases.RequestPageTest" name="VerifyNewRequestCreation" time="0.0">
    <ignored/>
  </testcase> <!-- VerifyNewRequestCreation -->
  <testcase classname="com.midas.qa.testcases.RequestPageTest" name="RequestPageTitleTest" time="0.0">
    <ignored/>
  </testcase> <!-- RequestPageTitleTest -->
  <testcase classname="com.midas.qa.testcases.RequestPageTest" name="VerifyNounModifierAttribute" time="0.0">
    <ignored/>
  </testcase> <!-- VerifyNounModifierAttribute -->
  <testcase classname="com.midas.qa.testcases.RequestPageTest" name="verifyDuplicateRequest" time="0.0">
    <ignored/>
  </testcase> <!-- verifyDuplicateRequest -->
  <testcase classname="com.midas.qa.testcases.RequestPageTest" name="verifyCriticalScoreTxtBox" time="0.0">
    <ignored/>
  </testcase> <!-- verifyCriticalScoreTxtBox -->
  <testcase classname="com.midas.qa.testcases.RequestPageTest" name="verifySAPFields" time="0.0">
    <ignored/>
  </testcase> <!-- verifySAPFields -->
  <testcase classname="com.midas.qa.testcases.RequestPageTest" name="VerifyPrimarySupplier" time="0.0">
    <ignored/>
  </testcase> <!-- VerifyPrimarySupplier -->
</testsuite> <!-- Default test -->
