<?xml version="1.0" encoding="UTF-8"?>
<!-- Generated by org.testng.reporters.JUnitXMLReporter -->
<testsuite ignored="3" hostname="IPMDM20" failures="0" tests="1" name="Default test" time="34.947" errors="0" timestamp="2025-01-13T12:58:55 IST">
  <testcase classname="com.midas.qa.testcases.SearchPageTest" name="verifySearchBox" time="4.916"/>
  <testcase classname="com.midas.qa.testcases.SearchPageTest" name="searchPageFilter" time="0.0">
    <ignored/>
  </testcase> <!-- searchPageFilter -->
  <testcase classname="com.midas.qa.testcases.SearchPageTest" name="verifySearchPageTitle" time="0.0">
    <ignored/>
  </testcase> <!-- verifySearchPageTitle -->
  <testcase classname="com.midas.qa.testcases.SearchPageTest" name="verifySearchResultExport" time="0.0">
    <ignored/>
  </testcase> <!-- verifySearchResultExport -->
</testsuite> <!-- Default test -->
