<?xml version="1.0" encoding="UTF-8"?>
<!-- Generated by org.testng.reporters.JUnitXMLReporter -->
<testsuite ignored="0" hostname="IPMDM20" failures="1" tests="3" name="Multi Pages" time="90.882" errors="0" timestamp="2025-01-10T16:06:35 IST">
  <testcase classname="com.crm.qa.testcases.SearchPageTest" name="name" time="0.079">
    <failure type="java.lang.AssertionError" message="expected [MidasMasterSearch] but found []">
      <![CDATA[java.lang.AssertionError: expected [MidasMasterSearch] but found []
at com.crm.qa.testcases.SearchPageTest.name(SearchPageTest.java:42)
at java.base/java.util.ArrayList.forEach(ArrayList.java:1597)
... Removed 31 stack frames]]>
    </failure>
  </testcase> <!-- name -->
  <testcase classname="com.crm.qa.testcases.SearchPageTest" name="verifySearchPageTitle" time="0.008"/>
  <testcase classname="com.crm.qa.testcases.SearchPageTest" name="searchPageTitleTest" time="1.622"/>
</testsuite> <!-- Multi Pages -->
