<?xml version="1.0" encoding="UTF-8"?>
<testng-results ignored="2" total="3" passed="1" failed="0" skipped="0">
  <reporter-output>
  </reporter-output>
  <suite started-at="2025-03-25T14:14:22 IST" name="Default suite" finished-at="2025-03-25T14:14:32 IST" duration-ms="9671">
    <groups>
    </groups>
    <test started-at="2025-03-25T14:14:22 IST" name="Default test" finished-at="2025-03-25T14:14:32 IST" duration-ms="9671">
      <class name="com.midas.qa.testcases.LoginPageTest">
        <test-method is-config="true" signature="beforeSuite()[pri:0, instance:com.midas.qa.testcases.LoginPageTest@76505305]" started-at="2025-03-25T14:14:22 IST" name="beforeSuite" finished-at="2025-03-25T14:14:22 IST" duration-ms="315" status="PASS">
          <reporter-output>
          </reporter-output>
        </test-method> <!-- beforeSuite -->
        <test-method is-config="true" signature="setUp()[pri:0, instance:com.midas.qa.testcases.LoginPageTest@76505305]" started-at="2025-03-25T14:14:22 IST" name="setUp" finished-at="2025-03-25T14:14:32 IST" duration-ms="9219" status="PASS">
          <reporter-output>
          </reporter-output>
        </test-method> <!-- setUp -->
        <test-method signature="LogoImageTest()[pri:2, instance:com.midas.qa.testcases.LoginPageTest@76505305]" started-at="2025-03-25T14:14:32 IST" name="LogoImageTest" finished-at="2025-03-25T14:14:32 IST" duration-ms="161" status="PASS">
          <reporter-output>
          </reporter-output>
        </test-method> <!-- LogoImageTest -->
        <test-method is-config="true" signature="tearDown()[pri:0, instance:com.midas.qa.testcases.LoginPageTest@76505305]" started-at="2025-03-25T14:14:32 IST" name="tearDown" finished-at="2025-03-25T14:14:32 IST" duration-ms="255" status="PASS">
          <reporter-output>
          </reporter-output>
        </test-method> <!-- tearDown -->
        <test-method is-config="true" signature="afterSuite()[pri:0, instance:com.midas.qa.testcases.LoginPageTest@76505305]" started-at="2025-03-25T14:14:32 IST" name="afterSuite" finished-at="2025-03-25T14:14:32 IST" duration-ms="11" status="PASS">
          <reporter-output>
          </reporter-output>
        </test-method> <!-- afterSuite -->
      </class> <!-- com.midas.qa.testcases.LoginPageTest -->
    </test> <!-- Default test -->
  </suite> <!-- Default suite -->
</testng-results>
